<?xml version="1.0" encoding="UTF-8"?>
<!-- Generated by org.testng.reporters.JUnitReportReporter -->
<testsuite hostname="IHD-CVH8TS1" name="innRoad.innCenter.suite.Sikulidemo" tests="1" failures="0" timestamp="14 Jun 2016 14:03:04 GMT" time="0.001" errors="1">
  <testcase name="Test" time="0.001" classname="innRoad.innCenter.suite.Sikulidemo">
    <error type="org.openqa.selenium.WebDriverException" message="Failed to connect to binary FirefoxBinary(C:\Program Files (x86)\Mozilla Firefox\firefox.exe) on port 7055; process output follows: 
\features\\e10srollout@mozilla.org.xpi&quot;,&quot;e&quot;:true,&quot;v&quot;:&quot;1.0&quot;,&quot;st&quot;:1462246394000},&quot;firefox@getpocket.com&quot;:{&quot;d&quot;:&quot;C:\\Program Files (x86)\\Mozilla Firefox\\browser\\features\\firefox@getpocket.com.xpi&quot;,&quot;e&quot;:true,&quot;v&quot;:&quot;1.0&quot;,&quot;st&quot;:1462246394000},&quot;loop@mozilla.org&quot;:{&quot;d&quot;:&quot;C:\\Program Files (x86)\\Mozilla Firefox\\browser\\features\\loop@mozilla.org.xpi&quot;,&quot;e&quot;:true,&quot;v&quot;:&quot;1.2.6&quot;,&quot;st&quot;:1462246394000}},&quot;app-global&quot;:{&quot;{972ce4c6-7e08-4474-a285-3208198ce6fd}&quot;:{&quot;d&quot;:&quot;C:\\Program Files (x86)\\Mozilla Firefox\\browser\\extensions\\{972ce4c6-7e08-4474-a285-3208198ce6fd}.xpi&quot;,&quot;e&quot;:true,&quot;v&quot;:&quot;46.0.1&quot;,&quot;st&quot;:1462246394000}},&quot;winreg-app-global&quot;:{&quot;fiddlerhook@fiddler2.com&quot;:{&quot;d&quot;:&quot;C:\\Program Files (x86)\\Fiddler2\\FiddlerHook&quot;,&quot;e&quot;:false,&quot;v&quot;:&quot;2.4.6.0&quot;,&quot;st&quot;:1464329125912,&quot;mt&quot;:1391542948000}}}
1465912938972	addons.xpi	DEBUG	No changes found
1465912938978	addons.xpi	DEBUG	Registering manifest for C:\Program Files (x86)\Mozilla Firefox\browser\features\e10srollout@mozilla.org.xpi
1465912938978	addons.xpi	DEBUG	Loading bootstrap scope from C:\Program Files (x86)\Mozilla Firefox\browser\features\e10srollout@mozilla.org.xpi
1465912938988	addons.xpi	DEBUG	Calling bootstrap method startup on e10srollout@mozilla.org version 1.0
1465912938988	addons.xpi	DEBUG	Registering manifest for C:\Program Files (x86)\Mozilla Firefox\browser\features\firefox@getpocket.com.xpi
1465912938989	addons.xpi	DEBUG	Loading bootstrap scope from C:\Program Files (x86)\Mozilla Firefox\browser\features\firefox@getpocket.com.xpi
1465912938992	addons.xpi	DEBUG	Calling bootstrap method startup on firefox@getpocket.com version 1.0
1465912938998	addons.xpi-utils	DEBUG	Starting async load of XPI database C:\Users\VENKAT~1.CHE\AppData\Local\Temp\anonymous1365434499431614152webdriver-profile\extensions.json
1465912938998	addons.xpi	DEBUG	Registering manifest for C:\Program Files (x86)\Mozilla Firefox\browser\features\loop@mozilla.org.xpi
1465912938999	addons.xpi	DEBUG	Loading bootstrap scope from C:\Program Files (x86)\Mozilla Firefox\browser\features\loop@mozilla.org.xpi
1465912939003	addons.xpi	DEBUG	Calling bootstrap method startup on loop@mozilla.org version 1.2.6
1465912939020	addons.manager	DEBUG	Registering shutdown blocker for XPIProvider
1465912939020	addons.manager	DEBUG	Provider finished startup: XPIProvider
1465912939020	addons.manager	DEBUG	Starting provider: LightweightThemeManager
1465912939020	addons.manager	DEBUG	Registering shutdown blocker for LightweightThemeManager
1465912939021	addons.manager	DEBUG	Provider finished startup: LightweightThemeManager
1465912939021	addons.manager	DEBUG	Starting provider: GMPProvider
1465912939025	addons.manager	DEBUG	Registering shutdown blocker for GMPProvider
1465912939025	addons.manager	DEBUG	Provider finished startup: GMPProvider
1465912939025	addons.manager	DEBUG	Starting provider: PluginProvider
1465912939025	addons.manager	DEBUG	Registering shutdown blocker for PluginProvider
1465912939025	addons.manager	DEBUG	Provider finished startup: PluginProvider
1465912939026	addons.manager	DEBUG	Completed startup sequence
1465912939227	addons.xpi-utils	DEBUG	Async JSON file read took 0 MS
1465912939227	addons.xpi-utils	DEBUG	Finished async read of XPI database, parsing...
1465912939228	addons.xpi-utils	DEBUG	Successfully read XPI database
1465912939237	addons.manager	DEBUG	Starting provider: &lt;unnamed-provider&gt;
1465912939237	addons.manager	DEBUG	Registering shutdown blocker for &lt;unnamed-provider&gt;
1465912939237	addons.manager	DEBUG	Provider finished startup: &lt;unnamed-provider&gt;
1465912939396	addons.manager	DEBUG	Starting provider: PreviousExperimentProvider
1465912939397	addons.manager	DEBUG	Registering shutdown blocker for PreviousExperimentProvider
1465912939397	addons.manager	DEBUG	Provider finished startup: PreviousExperimentProvider
JavaScript warning: https://normandy.cdn.mozilla.net/static/js/bundles/selfrepair-7575f6d27445b45bcffb.js, line 9825: mutating the [[Prototype]] of an object will cause your code to run very slowly; instead create the object with the correct initial [[Prototype]] value using Object.create

Build info: version: &#039;2.25.0&#039;, revision: &#039;17482&#039;, time: &#039;2012-07-18 21:09:54&#039;
System info: os.name: &#039;Windows 7&#039;, os.arch: &#039;amd64&#039;, os.version: &#039;6.1&#039;, java.version: &#039;1.8.0_91&#039;
Driver info: driver.version: FirefoxDriver">
      <![CDATA[org.openqa.selenium.WebDriverException: Failed to connect to binary FirefoxBinary(C:\Program Files (x86)\Mozilla Firefox\firefox.exe) on port 7055; process output follows: 
\features\\e10srollout@mozilla.org.xpi","e":true,"v":"1.0","st":1462246394000},"firefox@getpocket.com":{"d":"C:\\Program Files (x86)\\Mozilla Firefox\\browser\\features\\firefox@getpocket.com.xpi","e":true,"v":"1.0","st":1462246394000},"loop@mozilla.org":{"d":"C:\\Program Files (x86)\\Mozilla Firefox\\browser\\features\\loop@mozilla.org.xpi","e":true,"v":"1.2.6","st":1462246394000}},"app-global":{"{972ce4c6-7e08-4474-a285-3208198ce6fd}":{"d":"C:\\Program Files (x86)\\Mozilla Firefox\\browser\\extensions\\{972ce4c6-7e08-4474-a285-3208198ce6fd}.xpi","e":true,"v":"46.0.1","st":1462246394000}},"winreg-app-global":{"fiddlerhook@fiddler2.com":{"d":"C:\\Program Files (x86)\\Fiddler2\\FiddlerHook","e":false,"v":"2.4.6.0","st":1464329125912,"mt":1391542948000}}}
1465912938972	addons.xpi	DEBUG	No changes found
1465912938978	addons.xpi	DEBUG	Registering manifest for C:\Program Files (x86)\Mozilla Firefox\browser\features\e10srollout@mozilla.org.xpi
1465912938978	addons.xpi	DEBUG	Loading bootstrap scope from C:\Program Files (x86)\Mozilla Firefox\browser\features\e10srollout@mozilla.org.xpi
1465912938988	addons.xpi	DEBUG	Calling bootstrap method startup on e10srollout@mozilla.org version 1.0
1465912938988	addons.xpi	DEBUG	Registering manifest for C:\Program Files (x86)\Mozilla Firefox\browser\features\firefox@getpocket.com.xpi
1465912938989	addons.xpi	DEBUG	Loading bootstrap scope from C:\Program Files (x86)\Mozilla Firefox\browser\features\firefox@getpocket.com.xpi
1465912938992	addons.xpi	DEBUG	Calling bootstrap method startup on firefox@getpocket.com version 1.0
1465912938998	addons.xpi-utils	DEBUG	Starting async load of XPI database C:\Users\VENKAT~1.CHE\AppData\Local\Temp\anonymous1365434499431614152webdriver-profile\extensions.json
1465912938998	addons.xpi	DEBUG	Registering manifest for C:\Program Files (x86)\Mozilla Firefox\browser\features\loop@mozilla.org.xpi
1465912938999	addons.xpi	DEBUG	Loading bootstrap scope from C:\Program Files (x86)\Mozilla Firefox\browser\features\loop@mozilla.org.xpi
1465912939003	addons.xpi	DEBUG	Calling bootstrap method startup on loop@mozilla.org version 1.2.6
1465912939020	addons.manager	DEBUG	Registering shutdown blocker for XPIProvider
1465912939020	addons.manager	DEBUG	Provider finished startup: XPIProvider
1465912939020	addons.manager	DEBUG	Starting provider: LightweightThemeManager
1465912939020	addons.manager	DEBUG	Registering shutdown blocker for LightweightThemeManager
1465912939021	addons.manager	DEBUG	Provider finished startup: LightweightThemeManager
1465912939021	addons.manager	DEBUG	Starting provider: GMPProvider
1465912939025	addons.manager	DEBUG	Registering shutdown blocker for GMPProvider
1465912939025	addons.manager	DEBUG	Provider finished startup: GMPProvider
1465912939025	addons.manager	DEBUG	Starting provider: PluginProvider
1465912939025	addons.manager	DEBUG	Registering shutdown blocker for PluginProvider
1465912939025	addons.manager	DEBUG	Provider finished startup: PluginProvider
1465912939026	addons.manager	DEBUG	Completed startup sequence
1465912939227	addons.xpi-utils	DEBUG	Async JSON file read took 0 MS
1465912939227	addons.xpi-utils	DEBUG	Finished async read of XPI database, parsing...
1465912939228	addons.xpi-utils	DEBUG	Successfully read XPI database
1465912939237	addons.manager	DEBUG	Starting provider: <unnamed-provider>
1465912939237	addons.manager	DEBUG	Registering shutdown blocker for <unnamed-provider>
1465912939237	addons.manager	DEBUG	Provider finished startup: <unnamed-provider>
1465912939396	addons.manager	DEBUG	Starting provider: PreviousExperimentProvider
1465912939397	addons.manager	DEBUG	Registering shutdown blocker for PreviousExperimentProvider
1465912939397	addons.manager	DEBUG	Provider finished startup: PreviousExperimentProvider
JavaScript warning: https://normandy.cdn.mozilla.net/static/js/bundles/selfrepair-7575f6d27445b45bcffb.js, line 9825: mutating the [[Prototype]] of an object will cause your code to run very slowly; instead create the object with the correct initial [[Prototype]] value using Object.create

Build info: version: '2.25.0', revision: '17482', time: '2012-07-18 21:09:54'
System info: os.name: 'Windows 7', os.arch: 'amd64', os.version: '6.1', java.version: '1.8.0_91'
Driver info: driver.version: FirefoxDriver
	at org.openqa.selenium.firefox.internal.NewProfileExtensionConnection.start(NewProfileExtensionConnection.java:121)
	at org.openqa.selenium.firefox.FirefoxDriver.startClient(FirefoxDriver.java:245)
	at org.openqa.selenium.remote.RemoteWebDriver.<init>(RemoteWebDriver.java:109)
	at org.openqa.selenium.firefox.FirefoxDriver.<init>(FirefoxDriver.java:185)
	at org.openqa.selenium.firefox.FirefoxDriver.<init>(FirefoxDriver.java:178)
	at org.openqa.selenium.firefox.FirefoxDriver.<init>(FirefoxDriver.java:174)
	at org.openqa.selenium.firefox.FirefoxDriver.<init>(FirefoxDriver.java:92)
	at innRoad.innCenter.suite.Sikulidemo.setup(Sikulidemo.java:20)
	at sun.reflect.NativeMethodAccessorImpl.invoke0(Native Method)
	at sun.reflect.NativeMethodAccessorImpl.invoke(Unknown Source)
	at sun.reflect.DelegatingMethodAccessorImpl.invoke(Unknown Source)
	at java.lang.reflect.Method.invoke(Unknown Source)
	at org.testng.internal.MethodInvocationHelper.invokeMethod(MethodInvocationHelper.java:86)
	at org.testng.internal.Invoker.invokeConfigurationMethod(Invoker.java:515)
	at org.testng.internal.Invoker.invokeConfigurations(Invoker.java:216)
	at org.testng.internal.Invoker.invokeConfigurations(Invoker.java:143)
	at org.testng.internal.TestMethodWorker.invokeBeforeClassMethods(TestMethodWorker.java:178)
	at org.testng.internal.TestMethodWorker.run(TestMethodWorker.java:108)
	at org.testng.TestRunner.privateRun(TestRunner.java:778)
	at org.testng.TestRunner.run(TestRunner.java:632)
	at org.testng.SuiteRunner.runTest(SuiteRunner.java:366)
	at org.testng.SuiteRunner.runSequentially(SuiteRunner.java:361)
	at org.testng.SuiteRunner.privateRun(SuiteRunner.java:319)
	at org.testng.SuiteRunner.run(SuiteRunner.java:268)
	at org.testng.SuiteRunnerWorker.runSuite(SuiteRunnerWorker.java:52)
	at org.testng.SuiteRunnerWorker.run(SuiteRunnerWorker.java:86)
	at org.testng.TestNG.runSuitesSequentially(TestNG.java:1225)
	at org.testng.TestNG.runSuitesLocally(TestNG.java:1150)
	at org.testng.TestNG.runSuites(TestNG.java:1075)
	at org.testng.TestNG.run(TestNG.java:1047)
	at org.testng.remote.AbstractRemoteTestNG.run(AbstractRemoteTestNG.java:126)
	at org.testng.remote.RemoteTestNG.initAndRun(RemoteTestNG.java:137)
	at org.testng.remote.RemoteTestNG.main(RemoteTestNG.java:58)
Caused by: org.openqa.selenium.firefox.NotConnectedException: Unable to connect to host 127.0.0.1 on port 7055 after 45000 ms. Firefox console output:
\features\\e10srollout@mozilla.org.xpi","e":true,"v":"1.0","st":1462246394000},"firefox@getpocket.com":{"d":"C:\\Program Files (x86)\\Mozilla Firefox\\browser\\features\\firefox@getpocket.com.xpi","e":true,"v":"1.0","st":1462246394000},"loop@mozilla.org":{"d":"C:\\Program Files (x86)\\Mozilla Firefox\\browser\\features\\loop@mozilla.org.xpi","e":true,"v":"1.2.6","st":1462246394000}},"app-global":{"{972ce4c6-7e08-4474-a285-3208198ce6fd}":{"d":"C:\\Program Files (x86)\\Mozilla Firefox\\browser\\extensions\\{972ce4c6-7e08-4474-a285-3208198ce6fd}.xpi","e":true,"v":"46.0.1","st":1462246394000}},"winreg-app-global":{"fiddlerhook@fiddler2.com":{"d":"C:\\Program Files (x86)\\Fiddler2\\FiddlerHook","e":false,"v":"2.4.6.0","st":1464329125912,"mt":1391542948000}}}
1465912938972	addons.xpi	DEBUG	No changes found
1465912938978	addons.xpi	DEBUG	Registering manifest for C:\Program Files (x86)\Mozilla Firefox\browser\features\e10srollout@mozilla.org.xpi
1465912938978	addons.xpi	DEBUG	Loading bootstrap scope from C:\Program Files (x86)\Mozilla Firefox\browser\features\e10srollout@mozilla.org.xpi
1465912938988	addons.xpi	DEBUG	Calling bootstrap method startup on e10srollout@mozilla.org version 1.0
1465912938988	addons.xpi	DEBUG	Registering manifest for C:\Program Files (x86)\Mozilla Firefox\browser\features\firefox@getpocket.com.xpi
1465912938989	addons.xpi	DEBUG	Loading bootstrap scope from C:\Program Files (x86)\Mozilla Firefox\browser\features\firefox@getpocket.com.xpi
1465912938992	addons.xpi	DEBUG	Calling bootstrap method startup on firefox@getpocket.com version 1.0
1465912938998	addons.xpi-utils	DEBUG	Starting async load of XPI database C:\Users\VENKAT~1.CHE\AppData\Local\Temp\anonymous1365434499431614152webdriver-profile\extensions.json
1465912938998	addons.xpi	DEBUG	Registering manifest for C:\Program Files (x86)\Mozilla Firefox\browser\features\loop@mozilla.org.xpi
1465912938999	addons.xpi	DEBUG	Loading bootstrap scope from C:\Program Files (x86)\Mozilla Firefox\browser\features\loop@mozilla.org.xpi
1465912939003	addons.xpi	DEBUG	Calling bootstrap method startup on loop@mozilla.org version 1.2.6
1465912939020	addons.manager	DEBUG	Registering shutdown blocker for XPIProvider
1465912939020	addons.manager	DEBUG	Provider finished startup: XPIProvider
1465912939020	addons.manager	DEBUG	Starting provider: LightweightThemeManager
1465912939020	addons.manager	DEBUG	Registering shutdown blocker for LightweightThemeManager
1465912939021	addons.manager	DEBUG	Provider finished startup: LightweightThemeManager
1465912939021	addons.manager	DEBUG	Starting provider: GMPProvider
1465912939025	addons.manager	DEBUG	Registering shutdown blocker for GMPProvider
1465912939025	addons.manager	DEBUG	Provider finished startup: GMPProvider
1465912939025	addons.manager	DEBUG	Starting provider: PluginProvider
1465912939025	addons.manager	DEBUG	Registering shutdown blocker for PluginProvider
1465912939025	addons.manager	DEBUG	Provider finished startup: PluginProvider
1465912939026	addons.manager	DEBUG	Completed startup sequence
1465912939227	addons.xpi-utils	DEBUG	Async JSON file read took 0 MS
1465912939227	addons.xpi-utils	DEBUG	Finished async read of XPI database, parsing...
1465912939228	addons.xpi-utils	DEBUG	Successfully read XPI database
1465912939237	addons.manager	DEBUG	Starting provider: <unnamed-provider>
1465912939237	addons.manager	DEBUG	Registering shutdown blocker for <unnamed-provider>
1465912939237	addons.manager	DEBUG	Provider finished startup: <unnamed-provider>
1465912939396	addons.manager	DEBUG	Starting provider: PreviousExperimentProvider
1465912939397	addons.manager	DEBUG	Registering shutdown blocker for PreviousExperimentProvider
1465912939397	addons.manager	DEBUG	Provider finished startup: PreviousExperimentProvider
JavaScript warning: https://normandy.cdn.mozilla.net/static/js/bundles/selfrepair-7575f6d27445b45bcffb.js, line 9825: mutating the [[Prototype]] of an object will cause your code to run very slowly; instead create the object with the correct initial [[Prototype]] value using Object.create

	at org.openqa.selenium.firefox.internal.NewProfileExtensionConnection.start(NewProfileExtensionConnection.java:109)
	... 32 more
]]>
    </error>
  </testcase> <!-- Test -->
</testsuite> <!-- innRoad.innCenter.suite.Sikulidemo -->
