<?xml version="1.0" encoding="UTF-8"?>
<!-- Generated by org.testng.reporters.JUnitReportReporter -->
<testsuite hostname="IHD-CVH8TS1" name="innRoad.innCenter.suite.Sikulidemo" tests="1" failures="0" timestamp="1 Jun 2016 14:28:38 GMT" time="13.598" errors="0">
  <testcase name="Test" time="13.598" classname="innRoad.innCenter.suite.Sikulidemo"/>
</testsuite> <!-- innRoad.innCenter.suite.Sikulidemo -->
