<?xml version="1.0" encoding="UTF-8"?>
<!-- Generated by org.testng.reporters.JUnitReportReporter -->
<testsuite hostname="IHD-CVH8TS1" name="innRoad.innCenter.suite.Seasons" tests="1" failures="0" timestamp="16 Jun 2016 15:39:58 GMT" time="56.091" errors="0">
  <testcase name="testUntitled" time="56.091" classname="innRoad.innCenter.suite.Seasons"/>
</testsuite> <!-- innRoad.innCenter.suite.Seasons -->
